<?xml version="1.0" encoding="UTF-8"?>
<!-- Generated by org.testng.reporters.JUnitReportReporter -->
<testsuite hostname="Drishtis-MBP.attlocal.net" failures="0" tests="1" name="saucedemoautomation.tests.AcessCartTest" time="1.067" errors="0" timestamp="2024-08-18T22:39:20 CDT" skipped="0">
  <testcase classname="saucedemoautomation.tests.AcessCartTest" name="verifyCartProductNameAndPrice" time="1.067">
    <system-out>
      <![CDATA[Test PassedverifyCartProductNameAndPrice]]>
    </system-out>
  </testcase> <!-- verifyCartProductNameAndPrice -->
  <system-out>
    <![CDATA[Test PassedverifyCartProductNameAndPrice
Test PassedsortByName
Test PassedsortByName
Test PassedsortByPrice
Test PassedsortByPrice
Test PassedverifyCartBadgeAddFunctionality
Test PassedverifyCartBadgeRemoveFunctionality
Test PassedVerifySignInFunctionality
Test PassedVerifySignInFunctionality
Test PassedVerifySignInFunctionality
Test PassedVerifySignInFunctionality
Test PassedverifyInvalidCheckoutInformation
Test PassedverifyValidCheckoutInformation]]>
  </system-out>
</testsuite> <!-- saucedemoautomation.tests.AcessCartTest -->
