<?xml version="1.0" encoding="UTF-8"?>
<!-- Generated by org.testng.reporters.JUnitReportReporter -->
<testsuite hostname="Drishtis-MBP.attlocal.net" failures="0" tests="2" name="saucedemoautomation.tests.AddProductsToCartTest" time="6.341" errors="0" timestamp="2024-08-18T22:39:20 CDT" skipped="0">
  <testcase classname="saucedemoautomation.tests.AddProductsToCartTest" name="verifyCartBadgeAddFunctionality" time="3.576">
    <system-out>
      <![CDATA[Test PassedverifyCartBadgeAddFunctionality]]>
    </system-out>
  </testcase> <!-- verifyCartBadgeAddFunctionality -->
  <testcase classname="saucedemoautomation.tests.AddProductsToCartTest" name="verifyCartBadgeRemoveFunctionality" time="2.765">
    <system-out>
      <![CDATA[Test PassedverifyCartBadgeRemoveFunctionality]]>
    </system-out>
  </testcase> <!-- verifyCartBadgeRemoveFunctionality -->
  <system-out>
    <![CDATA[Test PassedverifyCartProductNameAndPrice
Test PassedsortByName
Test PassedsortByName
Test PassedsortByPrice
Test PassedsortByPrice
Test PassedverifyCartBadgeAddFunctionality
Test PassedverifyCartBadgeRemoveFunctionality
Test PassedVerifySignInFunctionality
Test PassedVerifySignInFunctionality
Test PassedVerifySignInFunctionality
Test PassedVerifySignInFunctionality
Test PassedverifyInvalidCheckoutInformation
Test PassedverifyValidCheckoutInformation]]>
  </system-out>
</testsuite> <!-- saucedemoautomation.tests.AddProductsToCartTest -->
