<?xml version="1.0" encoding="UTF-8"?>
<!-- Generated by org.testng.reporters.JUnitReportReporter -->
<testsuite hostname="Drishtis-MBP.attlocal.net" failures="0" tests="4" name="saucedemoautomation.tests.LoginPageTest" time="13.349" errors="0" timestamp="2024-08-18T22:39:20 CDT" skipped="0">
  <testcase classname="saucedemoautomation.tests.LoginPageTest" name="VerifySignInFunctionality" time="2.657">
    <system-out>
      <![CDATA[Test PassedVerifySignInFunctionality]]>
    </system-out>
  </testcase> <!-- VerifySignInFunctionality -->
  <testcase classname="saucedemoautomation.tests.LoginPageTest" name="VerifySignInFunctionality" time="2.645">
    <system-out>
      <![CDATA[Test PassedVerifySignInFunctionality]]>
    </system-out>
  </testcase> <!-- VerifySignInFunctionality -->
  <testcase classname="saucedemoautomation.tests.LoginPageTest" name="VerifySignInFunctionality" time="7.652">
    <system-out>
      <![CDATA[Test PassedVerifySignInFunctionality]]>
    </system-out>
  </testcase> <!-- VerifySignInFunctionality -->
  <testcase classname="saucedemoautomation.tests.LoginPageTest" name="VerifySignInFunctionality" time="0.395">
    <system-out>
      <![CDATA[Test PassedVerifySignInFunctionality]]>
    </system-out>
  </testcase> <!-- VerifySignInFunctionality -->
  <system-out>
    <![CDATA[Test PassedverifyCartProductNameAndPrice
Test PassedsortByName
Test PassedsortByName
Test PassedsortByPrice
Test PassedsortByPrice
Test PassedverifyCartBadgeAddFunctionality
Test PassedverifyCartBadgeRemoveFunctionality
Test PassedVerifySignInFunctionality
Test PassedVerifySignInFunctionality
Test PassedVerifySignInFunctionality
Test PassedVerifySignInFunctionality
Test PassedverifyInvalidCheckoutInformation
Test PassedverifyValidCheckoutInformation]]>
  </system-out>
</testsuite> <!-- saucedemoautomation.tests.LoginPageTest -->
