<?xml version="1.0" encoding="UTF-8"?>
<!-- Generated by org.testng.reporters.JUnitReportReporter -->
<testsuite hostname="Drishtis-MBP.attlocal.net" failures="0" tests="4" name="saucedemoautomation.tests.SortProductsTest" time="2.693" errors="0" timestamp="2024-08-18T22:39:20 CDT" skipped="0">
  <testcase classname="saucedemoautomation.tests.SortProductsTest" name="sortByPrice" time="0.364">
    <system-out>
      <![CDATA[Test PassedsortByPrice]]>
    </system-out>
  </testcase> <!-- sortByPrice -->
  <testcase classname="saucedemoautomation.tests.SortProductsTest" name="sortByPrice" time="0.409">
    <system-out>
      <![CDATA[Test PassedsortByPrice]]>
    </system-out>
  </testcase> <!-- sortByPrice -->
  <testcase classname="saucedemoautomation.tests.SortProductsTest" name="sortByName" time="1.301">
    <system-out>
      <![CDATA[Test PassedsortByName]]>
    </system-out>
  </testcase> <!-- sortByName -->
  <testcase classname="saucedemoautomation.tests.SortProductsTest" name="sortByName" time="0.619">
    <system-out>
      <![CDATA[Test PassedsortByName]]>
    </system-out>
  </testcase> <!-- sortByName -->
  <system-out>
    <![CDATA[Test PassedverifyCartProductNameAndPrice
Test PassedsortByName
Test PassedsortByName
Test PassedsortByPrice
Test PassedsortByPrice
Test PassedverifyCartBadgeAddFunctionality
Test PassedverifyCartBadgeRemoveFunctionality
Test PassedVerifySignInFunctionality
Test PassedVerifySignInFunctionality
Test PassedVerifySignInFunctionality
Test PassedVerifySignInFunctionality
Test PassedverifyInvalidCheckoutInformation
Test PassedverifyValidCheckoutInformation]]>
  </system-out>
</testsuite> <!-- saucedemoautomation.tests.SortProductsTest -->
