<?xml version="1.0" encoding="UTF-8"?>
<!-- Generated by org.testng.reporters.JUnitReportReporter -->
<testsuite hostname="Drishtis-MBP.attlocal.net" failures="0" tests="2" name="saucedemoautomation.tests.CheckoutTest" time="8.271" errors="0" timestamp="2024-08-18T22:39:20 CDT" skipped="0">
  <testcase classname="saucedemoautomation.tests.CheckoutTest" name="verifyValidCheckoutInformation" time="1.604">
    <system-out>
      <![CDATA[Test PassedverifyValidCheckoutInformation]]>
    </system-out>
  </testcase> <!-- verifyValidCheckoutInformation -->
  <testcase classname="saucedemoautomation.tests.CheckoutTest" name="verifyInvalidCheckoutInformation" time="6.667">
    <system-out>
      <![CDATA[Test PassedverifyInvalidCheckoutInformation]]>
    </system-out>
  </testcase> <!-- verifyInvalidCheckoutInformation -->
  <system-out>
    <![CDATA[Test PassedverifyCartProductNameAndPrice
Test PassedsortByName
Test PassedsortByName
Test PassedsortByPrice
Test PassedsortByPrice
Test PassedverifyCartBadgeAddFunctionality
Test PassedverifyCartBadgeRemoveFunctionality
Test PassedVerifySignInFunctionality
Test PassedVerifySignInFunctionality
Test PassedVerifySignInFunctionality
Test PassedVerifySignInFunctionality
Test PassedverifyInvalidCheckoutInformation
Test PassedverifyValidCheckoutInformation]]>
  </system-out>
</testsuite> <!-- saucedemoautomation.tests.CheckoutTest -->
