<?xml version="1.0" encoding="UTF-8"?>
<!-- Generated by org.testng.reporters.JUnitReportReporter -->
<testsuite hostname="Drishtis-MBP.attlocal.net" failures="0" tests="2" name="saucedemoautomation.tests.CheckoutTest" time="2.528" errors="0" timestamp="2024-08-18T22:34:05 CDT" skipped="0">
  <testcase classname="saucedemoautomation.tests.CheckoutTest" name="verifyValidCheckoutInformation" time="0.226"/>
  <testcase classname="saucedemoautomation.tests.CheckoutTest" name="verifyInvalidCheckoutInformation" time="2.302"/>
</testsuite> <!-- saucedemoautomation.tests.CheckoutTest -->
