<?xml version="1.0" encoding="UTF-8"?>
<!-- Generated by org.testng.reporters.JUnitReportReporter -->
<testsuite hostname="Drishtis-MBP.attlocal.net" failures="0" tests="2" name="saucedemoautomation.tests.AddProductsToCartTest" time="4.187" errors="0" timestamp="2024-08-18T22:34:05 CDT" skipped="0">
  <testcase classname="saucedemoautomation.tests.AddProductsToCartTest" name="verifyCartBadgeAddFunctionality" time="2.107"/>
  <testcase classname="saucedemoautomation.tests.AddProductsToCartTest" name="verifyCartBadgeRemoveFunctionality" time="2.080"/>
</testsuite> <!-- saucedemoautomation.tests.AddProductsToCartTest -->
