<?xml version="1.0" encoding="UTF-8"?>
<!-- Generated by org.testng.reporters.JUnitReportReporter -->
<testsuite hostname="Drishtis-MBP.attlocal.net" failures="0" tests="4" name="saucedemoautomation.tests.LoginPageTest" time="2.792" errors="0" timestamp="2024-08-18T22:34:05 CDT" skipped="0">
  <testcase classname="saucedemoautomation.tests.LoginPageTest" name="VerifySignInFunctionality" time="2.338"/>
  <testcase classname="saucedemoautomation.tests.LoginPageTest" name="VerifySignInFunctionality" time="0.136"/>
  <testcase classname="saucedemoautomation.tests.LoginPageTest" name="VerifySignInFunctionality" time="0.155"/>
  <testcase classname="saucedemoautomation.tests.LoginPageTest" name="VerifySignInFunctionality" time="0.163"/>
</testsuite> <!-- saucedemoautomation.tests.LoginPageTest -->
