<?xml version="1.0" encoding="UTF-8"?>
<!-- Generated by org.testng.reporters.JUnitReportReporter -->
<testsuite hostname="Drishtis-MBP.attlocal.net" failures="0" tests="4" name="saucedemoautomation.tests.SortProductsTest" time="0.326" errors="0" timestamp="2024-08-18T22:34:05 CDT" skipped="0">
  <testcase classname="saucedemoautomation.tests.SortProductsTest" name="sortByName" time="0.104"/>
  <testcase classname="saucedemoautomation.tests.SortProductsTest" name="sortByPrice" time="0.082"/>
  <testcase classname="saucedemoautomation.tests.SortProductsTest" name="sortByPrice" time="0.068"/>
  <testcase classname="saucedemoautomation.tests.SortProductsTest" name="sortByName" time="0.072"/>
</testsuite> <!-- saucedemoautomation.tests.SortProductsTest -->
