<?xml version="1.0" encoding="UTF-8"?>
<!-- Generated by org.testng.reporters.JUnitReportReporter -->
<testsuite hostname="Drishtis-MBP.attlocal.net" failures="0" tests="1" name="saucedemoautomation.tests.AcessCartTest" time="0.073" errors="0" timestamp="2024-08-18T22:34:05 CDT" skipped="0">
  <testcase classname="saucedemoautomation.tests.AcessCartTest" name="verifyCartProductNameAndPrice" time="0.073"/>
</testsuite> <!-- saucedemoautomation.tests.AcessCartTest -->
